   |----------------------------------|
---| TEMPLATE PRO 0.9.0  - UNIT TESTS |---
   |----------------------------------|

TestTokenWriteReadFromFile                    : OK
TestWriteReadFromFile                         : OK
TestHTMLEntities                              : OK
TestGetTValueFromPath                         : OK
TestExpressionEvaluator                       : OK
TestExpressionInTemplate                      : OK
TestExpressionInIf                            : OK
test010.tpro                                  : OK
test012.tpro                                  : OK
test014_eat_linebreaks.tpro                   : OK
test020.tpro                                  : OK
test021_exit_in_for.tpro                      : OK
test022.tpro                                  : OK
test023_fail_no_endfor.tpro                   : OK
test024_fail_no_endif.tpro                    : OK
test025_dst_types.tpro                        : OK
test026.tpro                                  : OK
test027_fail_if_expression.tpro               : OK
test028_nullables.tpro                        : OK
test030.tpro                                  : OK
test040_if.tpro                               : OK
test041_if_nullables.tpro                     : OK
test050_escape.tpro                           : OK
test060_filters.tpro                          : OK
test061_case_insensitive.tpro                 : OK
test062_literal_string.tpro                   : OK
test063_var_as_param.tpro                     : OK
test064_builtin_filters.tpro                  : OK
test065_continue.tpro                         : OK
test070.tpro                                  : OK
test071.tpro                                  : OK
test080_loop.tpro                             : OK
test081_pseudovars.tpro                       : OK
test082_loop_nested.tpro                      : OK
test083_loop_nested.tpro                      : OK
test084_loop_ultranested.tpro                 : OK
test085_loop_skip_empty.tpro                  : OK
test086_loop_single_with_list.tpro            : OK
test090_if.tpro                               : OK
test092_if_expr.tpro                          : OK
test093_falsy_thruty.tpro                     : OK
test094_comparand.tpro                        : OK
test100_json.tpro                             : OK
test110_json_ex.tpro                          : OK
test150_on_get_value.tpro                     : OK
test160_layout.tpro                           : OK
test161_layout_duplicated.tpro                : OK
test200_macros_basic.tpro                     : OK
test201_macros_multiple_params.tpro           : OK
test202_macros_no_params.tpro                 : OK
test203_macros_with_variable.tpro             : OK
test204_macros_variable_params.tpro           : OK
test205_macros_with_filters.tpro              : OK
test206_macros_nested.tpro                    : OK
test207_macros_in_loop.tpro                   : OK
test208_macros_with_if.tpro                   : OK
test210_default_filter.tpro                   : OK
test211_chained_filters.tpro                  : OK
test220_expression_basic.tpro                 : OK
test221_expression_arithmetic.tpro            : OK
test222_expression_functions.tpro             : OK
test223_expression_conditional.tpro           : OK
test224_expression_in_if.tpro                 : OK
test225_expression_complex_if.tpro            : OK
test226_expression_mixed.tpro                 : OK
test230_set_literals.tpro                     : OK
test231_set_variable.tpro                     : OK
test232_set_expression.tpro                   : OK
test233_set_usage.tpro                        : OK
test234_set_filter_debug.tpro                 : OK
test235_set_with_filters.tpro                 : OK
test240_include_mapping.tpro                  : OK
test241_include_mapping_loop.tpro             : OK
test242_include_mapping_types.tpro            : OK
test243_include_mapping_restore.tpro          : OK
test244_include_nested_mapping.tpro           : OK
test245_include_mapping_error_novar.tpro      : OK
test246_include_mapping_error_duplicate.tpro  : OK
test250_dynamic_include_var.tpro              : OK
test251_dynamic_include_expr.tpro             : OK
test252_dynamic_include_loop.tpro             : OK
test260_dataset_field_meta.tpro               : OK
test261_dataset_fields_loop.tpro              : OK
test262_fields_properties.tpro                : OK
test263_fields_pseudovars.tpro                : OK
test264_fields_filters.tpro                   : OK
test265_fields_expressions.tpro               : OK
test266_fields_conditionals.tpro              : OK
test267_fields_html_form.tpro                 : OK
test268_fields_edge_cases.tpro                : OK
test269_fields_expr_conditionals.tpro         : OK
test270_debug_expr.tpro                       : OK
test271_fields_expr_edge_cases.tpro           : OK
test272_fields_expr_errors.tpro               : OK
test273_fields_expr_nospace.tpro              : OK
test274_first_last_pseudovars.tpro            : OK
test280_multilevel_basic.tpro                 : OK
test281_circular_inheritance.tpro             : OK
test282_inherited_no_parent.tpro              : OK
test283_inherited_multiple.tpro               : OK
test284_self_circular.tpro                    : OK
test285_inherited_only.tpro                   : OK
test286_four_levels.tpro                      : OK
test290_datetostr_iso8601.tpro                : FAILED
test291_eq_variable_comparison.tpro           : FAILED
test292_elseif.tpro                           : FAIL - The specified file was not found
[..\test_scripts\test292_elseif.tpro.expected.exception.txt]
Unexpected Memory Leak
An unexpected memory leak has occurred. The unexpected small block leaks are:

13 - 20 bytes: UnicodeString x 8, Unknown x 16
21 - 28 bytes: Main$ActRec x 1, UnicodeString x 4
29 - 36 bytes: UnicodeString x 6
37 - 44 bytes: UnicodeString x 1
45 - 52 bytes: UnicodeString x 2
53 - 60 bytes: UnicodeString x 1
61 - 68 bytes: UnicodeString x 2
69 - 76 bytes: UnicodeString x 1
85 - 92 bytes: UnicodeString x 2
93 - 100 bytes: UnicodeString x 1
101 - 108 bytes: UnicodeString x 2
109 - 116 bytes: UnicodeString x 1
117 - 124 bytes: UnicodeString x 1
125 - 132 bytes: UnicodeString x 2
133 - 140 bytes: UnicodeString x 100
141 - 148 bytes: UnicodeString x 3
157 - 172 bytes: UnicodeString x 1
173 - 188 bytes: UnicodeString x 2
221 - 236 bytes: Unknown x 1
285 - 300 bytes: UnicodeString x 1
301 - 316 bytes: Unknown x 1
445 - 476 bytes: Unknown x 1
1149 - 1260 bytes: Unknown x 1
